<?xml version="1.0" encoding="UTF-8"?>
<!-- Generated by org.testng.reporters.JUnitReportReporter -->
<testsuite hostname="WFX-LAP-300" failures="0" tests="2" name="Tests.LoginTest" time="19.633" errors="0" timestamp="2022-06-19T12:33:59 IST" skipped="0">
  <testcase classname="Tests.LoginTest" name="logoutTest" time="6.862"/>
  <testcase classname="Tests.LoginTest" name="loginTest" time="12.771"/>
</testsuite> <!-- Tests.LoginTest -->
