<?xml version="1.0" encoding="UTF-8"?>
<!-- Generated by org.testng.reporters.JUnitReportReporter -->
<testsuite hostname="WFX-LAP-300" failures="0" tests="1" name="Tests.LoginTest" time="9.841" errors="0" timestamp="2022-06-18T22:57:56 IST" skipped="0">
  <testcase classname="Tests.LoginTest" name="loginTest" time="9.841"/>
</testsuite> <!-- Tests.LoginTest -->
